<?xml version="1.0" encoding="UTF-8" ?>
<testsuites>
  <testsuite errors="0" failures="0" hostname="brian-kurlychek-1.wireless.usm.maine.edu" id="0" name="LandlordIntegrationTests" package="com.happyl" tests="1" time="0.639" timestamp="2012-02-25T17:38:34">
      <properties />

      <testcase classname="com.happyl.LandlordIntegrationTests" name="testSave" time="0.636" />

      <system-out><![CDATA[--Output from testSave--
]]></system-out>

      <system-err><![CDATA[--Output from testSave--
]]></system-err>

  </testsuite>
  <testsuite errors="0" failures="0" hostname="brian-kurlychek-1.wireless.usm.maine.edu" id="1" name="PropertyIntegrationTests" package="com.happyl" tests="1" time="0.04" timestamp="2012-02-25T17:38:35">
      <properties />

      <testcase classname="com.happyl.PropertyIntegrationTests" name="testSave" time="0.038" />

      <system-out><![CDATA[--Output from testSave--
]]></system-out>

      <system-err><![CDATA[--Output from testSave--
]]></system-err>

  </testsuite>
  <testsuite errors="0" failures="0" hostname="brian-kurlychek-1.wireless.usm.maine.edu" id="2" name="TenantIntegrationTests" package="com.happyl" tests="1" time="0.067" timestamp="2012-02-25T17:38:35">
      <properties />

      <testcase classname="com.happyl.TenantIntegrationTests" name="testSave" time="0.065" />

      <system-out><![CDATA[--Output from testSave--
]]></system-out>

      <system-err><![CDATA[--Output from testSave--
]]></system-err>

  </testsuite>
  <testsuite errors="0" failures="0" hostname="brian-kurlychek-1.wireless.usm.maine.edu" id="3" name="UnitIntegrationTests" package="com.happyl" tests="1" time="0.045" timestamp="2012-02-25T17:38:35">
      <properties />

      <testcase classname="com.happyl.UnitIntegrationTests" name="testSave" time="0.043" />

      <system-out><![CDATA[--Output from testSave--
]]></system-out>

      <system-err><![CDATA[--Output from testSave--
]]></system-err>

  </testsuite>
  <testsuite errors="0" failures="0" hostname="brian-kurlychek-1.wireless.usm.maine.edu" id="4" name="LandlordUnitTests" package="com.happyl" tests="1" time="1.671" timestamp="2012-02-25T17:38:23">
      <properties />

      <testcase classname="com.happyl.LandlordUnitTests" name="testConstraints" time="1.599" />

      <system-out><![CDATA[--Output from testConstraints--
]]></system-out>

      <system-err><![CDATA[--Output from testConstraints--
]]></system-err>

  </testsuite>
  <testsuite errors="0" failures="1" hostname="brian-kurlychek-1.wireless.usm.maine.edu" id="5" name="TenantUnitTests" package="com.happyl" tests="1" time="0.029" timestamp="2012-02-25T17:38:25">
      <properties />

      <testcase classname="com.happyl.TenantUnitTests" name="testSomething" time="0.025">
          <failure message="java.lang.AssertionError: Implement me" type="junit.framework.AssertionFailedError">junit.framework.AssertionFailedError: java.lang.AssertionError: Implement me
	at com.happyl.TenantUnitTests.testSomething(TenantUnitTests.groovy:24)
</failure>

      </testcase>

      <system-out><![CDATA[--Output from testSomething--
]]></system-out>

      <system-err><![CDATA[--Output from testSomething--
]]></system-err>

  </testsuite>
</testsuites>
