<?xml version="1.0" encoding="UTF-8" ?>
<testsuites>
  <testsuite errors="0" failures="0" hostname="brian-kurlychek-1.wireless.usm.maine.edu" id="0" name="LandlordIntegrationTests" package="com.happyl" tests="1" time="0.558" timestamp="2012-02-25T21:19:40">
      <properties />

      <testcase classname="com.happyl.LandlordIntegrationTests" name="testSave" time="0.556" />

      <system-out><![CDATA[--Output from testSave--
]]></system-out>

      <system-err><![CDATA[--Output from testSave--
]]></system-err>

  </testsuite>
  <testsuite errors="0" failures="0" hostname="brian-kurlychek-1.wireless.usm.maine.edu" id="1" name="PropertyIntegrationTests" package="com.happyl" tests="1" time="0.053" timestamp="2012-02-25T21:19:41">
      <properties />

      <testcase classname="com.happyl.PropertyIntegrationTests" name="testSave" time="0.052" />

      <system-out><![CDATA[--Output from testSave--
]]></system-out>

      <system-err><![CDATA[--Output from testSave--
]]></system-err>

  </testsuite>
  <testsuite errors="0" failures="0" hostname="brian-kurlychek-1.wireless.usm.maine.edu" id="2" name="TenantIntegrationTests" package="com.happyl" tests="1" time="0.073" timestamp="2012-02-25T21:19:41">
      <properties />

      <testcase classname="com.happyl.TenantIntegrationTests" name="testSave" time="0.072" />

      <system-out><![CDATA[--Output from testSave--
]]></system-out>

      <system-err><![CDATA[--Output from testSave--
]]></system-err>

  </testsuite>
  <testsuite errors="0" failures="0" hostname="brian-kurlychek-1.wireless.usm.maine.edu" id="3" name="UnitIntegrationTests" package="com.happyl" tests="1" time="0.044" timestamp="2012-02-25T21:19:41">
      <properties />

      <testcase classname="com.happyl.UnitIntegrationTests" name="testSave" time="0.041" />

      <system-out><![CDATA[--Output from testSave--
]]></system-out>

      <system-err><![CDATA[--Output from testSave--
]]></system-err>

  </testsuite>
  <testsuite errors="0" failures="0" hostname="brian-kurlychek-1.wireless.usm.maine.edu" id="4" name="LandlordUnitTests" package="com.happyl" tests="1" time="1.667" timestamp="2012-02-25T21:19:28">
      <properties />

      <testcase classname="com.happyl.LandlordUnitTests" name="testConstraints" time="1.623" />

      <system-out><![CDATA[--Output from testConstraints--
]]></system-out>

      <system-err><![CDATA[--Output from testConstraints--
]]></system-err>

  </testsuite>
  <testsuite errors="0" failures="0" hostname="brian-kurlychek-1.wireless.usm.maine.edu" id="5" name="PropertyUnitTests" package="com.happyl" tests="1" time="0.502" timestamp="2012-02-25T21:19:29">
      <properties />

      <testcase classname="com.happyl.PropertyUnitTests" name="testConstraints" time="0.501" />

      <system-out><![CDATA[--Output from testConstraints--
]]></system-out>

      <system-err><![CDATA[--Output from testConstraints--
]]></system-err>

  </testsuite>
  <testsuite errors="0" failures="0" hostname="brian-kurlychek-1.wireless.usm.maine.edu" id="6" name="TenantUnitTests" package="com.happyl" tests="1" time="0.078" timestamp="2012-02-25T21:19:30">
      <properties />

      <testcase classname="com.happyl.TenantUnitTests" name="testConstraints" time="0.076" />

      <system-out><![CDATA[--Output from testConstraints--
]]></system-out>

      <system-err><![CDATA[--Output from testConstraints--
]]></system-err>

  </testsuite>
  <testsuite errors="0" failures="0" hostname="brian-kurlychek-1.wireless.usm.maine.edu" id="7" name="UnitUnitTests" package="com.happyl" tests="1" time="0.102" timestamp="2012-02-25T21:19:30">
      <properties />

      <testcase classname="com.happyl.UnitUnitTests" name="testConstraints" time="0.094" />

      <system-out><![CDATA[--Output from testConstraints--
]]></system-out>

      <system-err><![CDATA[--Output from testConstraints--
]]></system-err>

  </testsuite>
</testsuites>
