<?xml version="1.0" encoding="UTF-8" ?>
<testsuites>
  <testsuite errors="0" failures="0" hostname="brian-kurlychek-1.wireless.usm.maine.edu" id="0" name="LandlordIntegrationTests" package="com.happyl" tests="1" time="0.293" timestamp="2012-02-21T20:08:09">
      <properties />

      <testcase classname="com.happyl.LandlordIntegrationTests" name="testSave" time="0.293" />

      <system-out><![CDATA[--Output from testSave--
]]></system-out>

      <system-err><![CDATA[--Output from testSave--
]]></system-err>

  </testsuite>
  <testsuite errors="0" failures="0" hostname="brian-kurlychek-1.wireless.usm.maine.edu" id="1" name="LandlordControllerTests" package="com.happyl" tests="1" time="1.475" timestamp="2012-02-21T20:07:59">
      <properties />

      <testcase classname="com.happyl.LandlordControllerTests" name="testSomething" time="1.29" />

      <system-out><![CDATA[--Output from testSomething--
]]></system-out>

      <system-err><![CDATA[--Output from testSomething--
]]></system-err>

  </testsuite>
  <testsuite errors="0" failures="0" hostname="brian-kurlychek-1.wireless.usm.maine.edu" id="2" name="LandlordTests" package="com.happyl" tests="1" time="0.332" timestamp="2012-02-21T20:08:01">
      <properties />

      <testcase classname="com.happyl.LandlordTests" name="testSomething" time="0.327" />

      <system-out><![CDATA[--Output from testSomething--
]]></system-out>

      <system-err><![CDATA[--Output from testSomething--
]]></system-err>

  </testsuite>
</testsuites>
