<?xml version="1.0" encoding="UTF-8" ?>
<testsuites>
  <testsuite errors="0" failures="0" hostname="brian-kurlychek-1.wireless.usm.maine.edu" id="0" name="LandlordIntegrationTests" package="com.happyl" tests="1" time="0.249" timestamp="2012-02-21T20:46:38">
      <properties />

      <testcase classname="com.happyl.LandlordIntegrationTests" name="testSave" time="0.248" />

      <system-out><![CDATA[--Output from testSave--
]]></system-out>

      <system-err><![CDATA[--Output from testSave--
]]></system-err>

  </testsuite>
  <testsuite errors="0" failures="0" hostname="brian-kurlychek-1.wireless.usm.maine.edu" id="1" name="TenantIntegrationTests" package="com.happyl" tests="1" time="0.054" timestamp="2012-02-21T20:46:38">
      <properties />

      <testcase classname="com.happyl.TenantIntegrationTests" name="testSave" time="0.053" />

      <system-out><![CDATA[--Output from testSave--
]]></system-out>

      <system-err><![CDATA[--Output from testSave--
]]></system-err>

  </testsuite>
  <testsuite errors="0" failures="0" hostname="brian-kurlychek-1.wireless.usm.maine.edu" id="2" name="LandlordControllerTests" package="com.happyl" tests="1" time="1.779" timestamp="2012-02-21T20:46:28">
      <properties />

      <testcase classname="com.happyl.LandlordControllerTests" name="testSomething" time="1.515" />

      <system-out><![CDATA[--Output from testSomething--
]]></system-out>

      <system-err><![CDATA[--Output from testSomething--
]]></system-err>

  </testsuite>
  <testsuite errors="0" failures="0" hostname="brian-kurlychek-1.wireless.usm.maine.edu" id="3" name="LandlordTests" package="com.happyl" tests="1" time="0.407" timestamp="2012-02-21T20:46:29">
      <properties />

      <testcase classname="com.happyl.LandlordTests" name="testSomething" time="0.36" />

      <system-out><![CDATA[--Output from testSomething--
]]></system-out>

      <system-err><![CDATA[--Output from testSomething--
]]></system-err>

  </testsuite>
  <testsuite errors="0" failures="0" hostname="brian-kurlychek-1.wireless.usm.maine.edu" id="4" name="TenantControllerTests" package="com.happyl" tests="1" time="0.126" timestamp="2012-02-21T20:46:30">
      <properties />

      <testcase classname="com.happyl.TenantControllerTests" name="testSomething" time="0.084" />

      <system-out><![CDATA[--Output from testSomething--
]]></system-out>

      <system-err><![CDATA[--Output from testSomething--
]]></system-err>

  </testsuite>
  <testsuite errors="0" failures="0" hostname="brian-kurlychek-1.wireless.usm.maine.edu" id="5" name="TenantTests" package="com.happyl" tests="1" time="0.07" timestamp="2012-02-21T20:46:30">
      <properties />

      <testcase classname="com.happyl.TenantTests" name="testSomething" time="0.066" />

      <system-out><![CDATA[--Output from testSomething--
]]></system-out>

      <system-err><![CDATA[--Output from testSomething--
]]></system-err>

  </testsuite>
</testsuites>
