<?xml version="1.0" encoding="UTF-8" ?>
<testsuites>
  <testsuite errors="0" failures="0" hostname="brian-kurlychek-1.wireless.usm.maine.edu" id="0" name="LandlordIntegrationTests" package="com.happyl" tests="1" time="0.542" timestamp="2012-02-21T21:05:12">
      <properties />

      <testcase classname="com.happyl.LandlordIntegrationTests" name="testSave" time="0.541" />

      <system-out><![CDATA[--Output from testSave--
]]></system-out>

      <system-err><![CDATA[--Output from testSave--
]]></system-err>

  </testsuite>
  <testsuite errors="0" failures="0" hostname="brian-kurlychek-1.wireless.usm.maine.edu" id="1" name="PropertyIntegrationTests" package="com.happyl" tests="1" time="0.034" timestamp="2012-02-21T21:05:13">
      <properties />

      <testcase classname="com.happyl.PropertyIntegrationTests" name="testSave" time="0.031" />

      <system-out><![CDATA[--Output from testSave--
]]></system-out>

      <system-err><![CDATA[--Output from testSave--
]]></system-err>

  </testsuite>
  <testsuite errors="0" failures="0" hostname="brian-kurlychek-1.wireless.usm.maine.edu" id="2" name="TenantIntegrationTests" package="com.happyl" tests="1" time="0.061" timestamp="2012-02-21T21:05:13">
      <properties />

      <testcase classname="com.happyl.TenantIntegrationTests" name="testSave" time="0.06" />

      <system-out><![CDATA[--Output from testSave--
]]></system-out>

      <system-err><![CDATA[--Output from testSave--
]]></system-err>

  </testsuite>
  <testsuite errors="0" failures="0" hostname="brian-kurlychek-1.wireless.usm.maine.edu" id="3" name="LandlordControllerTests" package="com.happyl" tests="1" time="1.636" timestamp="2012-02-21T21:05:02">
      <properties />

      <testcase classname="com.happyl.LandlordControllerTests" name="testSomething" time="1.392" />

      <system-out><![CDATA[--Output from testSomething--
]]></system-out>

      <system-err><![CDATA[--Output from testSomething--
]]></system-err>

  </testsuite>
  <testsuite errors="0" failures="0" hostname="brian-kurlychek-1.wireless.usm.maine.edu" id="4" name="LandlordTests" package="com.happyl" tests="1" time="0.386" timestamp="2012-02-21T21:05:03">
      <properties />

      <testcase classname="com.happyl.LandlordTests" name="testSomething" time="0.344" />

      <system-out><![CDATA[--Output from testSomething--
]]></system-out>

      <system-err><![CDATA[--Output from testSomething--
]]></system-err>

  </testsuite>
  <testsuite errors="0" failures="0" hostname="brian-kurlychek-1.wireless.usm.maine.edu" id="5" name="PropertyControllerTests" package="com.happyl" tests="1" time="0.124" timestamp="2012-02-21T21:05:04">
      <properties />

      <testcase classname="com.happyl.PropertyControllerTests" name="testSomething" time="0.087" />

      <system-out><![CDATA[--Output from testSomething--
]]></system-out>

      <system-err><![CDATA[--Output from testSomething--
]]></system-err>

  </testsuite>
  <testsuite errors="0" failures="0" hostname="brian-kurlychek-1.wireless.usm.maine.edu" id="6" name="PropertyTests" package="com.happyl" tests="1" time="0.097" timestamp="2012-02-21T21:05:04">
      <properties />

      <testcase classname="com.happyl.PropertyTests" name="testSomething" time="0.056" />

      <system-out><![CDATA[--Output from testSomething--
]]></system-out>

      <system-err><![CDATA[--Output from testSomething--
]]></system-err>

  </testsuite>
  <testsuite errors="0" failures="0" hostname="brian-kurlychek-1.wireless.usm.maine.edu" id="7" name="TenantControllerTests" package="com.happyl" tests="1" time="0.119" timestamp="2012-02-21T21:05:04">
      <properties />

      <testcase classname="com.happyl.TenantControllerTests" name="testSomething" time="0.081" />

      <system-out><![CDATA[--Output from testSomething--
]]></system-out>

      <system-err><![CDATA[--Output from testSomething--
]]></system-err>

  </testsuite>
  <testsuite errors="0" failures="0" hostname="brian-kurlychek-1.wireless.usm.maine.edu" id="8" name="TenantTests" package="com.happyl" tests="1" time="0.061" timestamp="2012-02-21T21:05:04">
      <properties />

      <testcase classname="com.happyl.TenantTests" name="testSomething" time="0.059" />

      <system-out><![CDATA[--Output from testSomething--
]]></system-out>

      <system-err><![CDATA[--Output from testSomething--
]]></system-err>

  </testsuite>
</testsuites>
