<?xml version="1.0" encoding="UTF-8" ?>
<testsuites>
  <testsuite errors="0" failures="0" hostname="MomsLaptop-PC" id="0" name="LandlordIntegrationTests" package="com.happyl" tests="5" time="2.218" timestamp="2012-03-01T04:11:28">
      <properties />

      <testcase classname="com.happyl.LandlordIntegrationTests" name="testSave" time="0.78" />

      <testcase classname="com.happyl.LandlordIntegrationTests" name="testSaveAndUpdate" time="0.094" />

      <testcase classname="com.happyl.LandlordIntegrationTests" name="testSaveThenDelete" time="0.21" />

      <testcase classname="com.happyl.LandlordIntegrationTests" name="testIncorrectSave" time="0.427" />

      <testcase classname="com.happyl.LandlordIntegrationTests" name="testIncorrectSaveCorrected" time="0.693" />

      <system-out><![CDATA[--Output from testSave--
--Output from testSaveAndUpdate--
--Output from testSaveThenDelete--
--Output from testIncorrectSave--
--Output from testIncorrectSaveCorrected--
]]></system-out>

      <system-err><![CDATA[--Output from testSave--
--Output from testSaveAndUpdate--
--Output from testSaveThenDelete--
--Output from testIncorrectSave--
--Output from testIncorrectSaveCorrected--
]]></system-err>

  </testsuite>
  <testsuite errors="0" failures="0" hostname="MomsLaptop-PC" id="1" name="PropertyIntegrationTests" package="com.happyl" tests="5" time="1.19" timestamp="2012-03-01T04:11:30">
      <properties />

      <testcase classname="com.happyl.PropertyIntegrationTests" name="testSave" time="0.281" />

      <testcase classname="com.happyl.PropertyIntegrationTests" name="testSaveAndUpdate" time="0.167" />

      <testcase classname="com.happyl.PropertyIntegrationTests" name="testSaveThenDelete" time="0.116" />

      <testcase classname="com.happyl.PropertyIntegrationTests" name="testIncorrectSave" time="0.24" />

      <testcase classname="com.happyl.PropertyIntegrationTests" name="testIncorrectSaveCorrected" time="0.375" />

      <system-out><![CDATA[--Output from testSave--
--Output from testSaveAndUpdate--
--Output from testSaveThenDelete--
--Output from testIncorrectSave--
--Output from testIncorrectSaveCorrected--
]]></system-out>

      <system-err><![CDATA[--Output from testSave--
--Output from testSaveAndUpdate--
--Output from testSaveThenDelete--
--Output from testIncorrectSave--
--Output from testIncorrectSaveCorrected--
]]></system-err>

  </testsuite>
  <testsuite errors="0" failures="0" hostname="MomsLaptop-PC" id="2" name="TenantIntegrationTests" package="com.happyl" tests="5" time="1.698" timestamp="2012-03-01T04:11:31">
      <properties />

      <testcase classname="com.happyl.TenantIntegrationTests" name="testSave" time="0.158" />

      <testcase classname="com.happyl.TenantIntegrationTests" name="testSaveAndUpdate" time="0.406" />

      <testcase classname="com.happyl.TenantIntegrationTests" name="testSaveThenDelete" time="0.137" />

      <testcase classname="com.happyl.TenantIntegrationTests" name="testIncorrectSave" time="0.433" />

      <testcase classname="com.happyl.TenantIntegrationTests" name="testIncorrectSaveCorrected" time="0.542" />

      <system-out><![CDATA[--Output from testSave--
--Output from testSaveAndUpdate--
--Output from testSaveThenDelete--
--Output from testIncorrectSave--
--Output from testIncorrectSaveCorrected--
]]></system-out>

      <system-err><![CDATA[--Output from testSave--
--Output from testSaveAndUpdate--
--Output from testSaveThenDelete--
--Output from testIncorrectSave--
--Output from testIncorrectSaveCorrected--
]]></system-err>

  </testsuite>
  <testsuite errors="0" failures="0" hostname="MomsLaptop-PC" id="3" name="UnitIntegrationTests" package="com.happyl" tests="5" time="1.126" timestamp="2012-03-01T04:11:33">
      <properties />

      <testcase classname="com.happyl.UnitIntegrationTests" name="testSave" time="0.089" />

      <testcase classname="com.happyl.UnitIntegrationTests" name="testSaveAndUpdate" time="0.083" />

      <testcase classname="com.happyl.UnitIntegrationTests" name="testSaveThenDelete" time="0.103" />

      <testcase classname="com.happyl.UnitIntegrationTests" name="testIncorrectSave" time="0.23" />

      <testcase classname="com.happyl.UnitIntegrationTests" name="testIncorrectSaveCorrected" time="0.603" />

      <system-out><![CDATA[--Output from testSave--
--Output from testSaveAndUpdate--
--Output from testSaveThenDelete--
--Output from testIncorrectSave--
--Output from testIncorrectSaveCorrected--
]]></system-out>

      <system-err><![CDATA[--Output from testSave--
--Output from testSaveAndUpdate--
--Output from testSaveThenDelete--
--Output from testIncorrectSave--
--Output from testIncorrectSaveCorrected--
]]></system-err>

  </testsuite>
  <testsuite errors="0" failures="0" hostname="MomsLaptop-PC" id="4" name="LandlordUnitTests" package="com.happyl" tests="1" time="4.063" timestamp="2012-03-01T04:10:58">
      <properties />

      <testcase classname="com.happyl.LandlordUnitTests" name="testConstraints" time="3.997" />

      <system-out><![CDATA[--Output from testConstraints--
]]></system-out>

      <system-err><![CDATA[--Output from testConstraints--
]]></system-err>

  </testsuite>
  <testsuite errors="0" failures="0" hostname="MomsLaptop-PC" id="5" name="PropertyUnitTests" package="com.happyl" tests="1" time="0.377" timestamp="2012-03-01T04:11:02">
      <properties />

      <testcase classname="com.happyl.PropertyUnitTests" name="testConstraints" time="0.373" />

      <system-out><![CDATA[--Output from testConstraints--
]]></system-out>

      <system-err><![CDATA[--Output from testConstraints--
]]></system-err>

  </testsuite>
  <testsuite errors="0" failures="0" hostname="MomsLaptop-PC" id="6" name="TenantUnitTests" package="com.happyl" tests="1" time="0.092" timestamp="2012-03-01T04:11:03">
      <properties />

      <testcase classname="com.happyl.TenantUnitTests" name="testConstraints" time="0.085" />

      <system-out><![CDATA[--Output from testConstraints--
]]></system-out>

      <system-err><![CDATA[--Output from testConstraints--
]]></system-err>

  </testsuite>
  <testsuite errors="0" failures="0" hostname="MomsLaptop-PC" id="7" name="UnitUnitTests" package="com.happyl" tests="1" time="0.158" timestamp="2012-03-01T04:11:03">
      <properties />

      <testcase classname="com.happyl.UnitUnitTests" name="testConstraints" time="0.153" />

      <system-out><![CDATA[--Output from testConstraints--
]]></system-out>

      <system-err><![CDATA[--Output from testConstraints--
]]></system-err>

  </testsuite>
</testsuites>
