<?xml version="1.0" encoding="UTF-8" ?>
<testsuites>
  <testsuite errors="0" failures="0" hostname="brian-kurlychek-1.wireless.usm.maine.edu" id="0" name="LandlordIntegrationTests" package="com.happyl" tests="1" time="0.526" timestamp="2012-02-23T23:23:28">
      <properties />

      <testcase classname="com.happyl.LandlordIntegrationTests" name="testSave" time="0.524" />

      <system-out><![CDATA[--Output from testSave--
]]></system-out>

      <system-err><![CDATA[--Output from testSave--
]]></system-err>

  </testsuite>
  <testsuite errors="0" failures="0" hostname="brian-kurlychek-1.wireless.usm.maine.edu" id="1" name="PropertyIntegrationTests" package="com.happyl" tests="1" time="0.073" timestamp="2012-02-23T23:23:28">
      <properties />

      <testcase classname="com.happyl.PropertyIntegrationTests" name="testSave" time="0.072" />

      <system-out><![CDATA[--Output from testSave--
]]></system-out>

      <system-err><![CDATA[--Output from testSave--
]]></system-err>

  </testsuite>
  <testsuite errors="0" failures="0" hostname="brian-kurlychek-1.wireless.usm.maine.edu" id="2" name="TenantIntegrationTests" package="com.happyl" tests="1" time="0.067" timestamp="2012-02-23T23:23:28">
      <properties />

      <testcase classname="com.happyl.TenantIntegrationTests" name="testSave" time="0.065" />

      <system-out><![CDATA[--Output from testSave--
]]></system-out>

      <system-err><![CDATA[--Output from testSave--
]]></system-err>

  </testsuite>
  <testsuite errors="0" failures="0" hostname="brian-kurlychek-1.wireless.usm.maine.edu" id="3" name="UnitIntegrationTests" package="com.happyl" tests="1" time="0.04" timestamp="2012-02-23T23:23:28">
      <properties />

      <testcase classname="com.happyl.UnitIntegrationTests" name="testSave" time="0.039" />

      <system-out><![CDATA[--Output from testSave--
]]></system-out>

      <system-err><![CDATA[--Output from testSave--
]]></system-err>

  </testsuite>
  <testsuite errors="0" failures="0" hostname="brian-kurlychek-1.wireless.usm.maine.edu" id="4" name="LandlordControllerTests" package="com.happyl" tests="1" time="1.7" timestamp="2012-02-23T23:23:13">
      <properties />

      <testcase classname="com.happyl.LandlordControllerTests" name="testSomething" time="1.442" />

      <system-out><![CDATA[--Output from testSomething--
]]></system-out>

      <system-err><![CDATA[--Output from testSomething--
]]></system-err>

  </testsuite>
  <testsuite errors="0" failures="0" hostname="brian-kurlychek-1.wireless.usm.maine.edu" id="5" name="LandlordTests" package="com.happyl" tests="1" time="0.644" timestamp="2012-02-23T23:23:15">
      <properties />

      <testcase classname="com.happyl.LandlordTests" name="testSomething" time="0.588" />

      <system-out><![CDATA[--Output from testSomething--
]]></system-out>

      <system-err><![CDATA[--Output from testSomething--
]]></system-err>

  </testsuite>
  <testsuite errors="0" failures="0" hostname="brian-kurlychek-1.wireless.usm.maine.edu" id="6" name="PropertyControllerTests" package="com.happyl" tests="1" time="0.203" timestamp="2012-02-23T23:23:16">
      <properties />

      <testcase classname="com.happyl.PropertyControllerTests" name="testSomething" time="0.145" />

      <system-out><![CDATA[--Output from testSomething--
]]></system-out>

      <system-err><![CDATA[--Output from testSomething--
]]></system-err>

  </testsuite>
  <testsuite errors="0" failures="0" hostname="brian-kurlychek-1.wireless.usm.maine.edu" id="7" name="PropertyTests" package="com.happyl" tests="1" time="0.121" timestamp="2012-02-23T23:23:16">
      <properties />

      <testcase classname="com.happyl.PropertyTests" name="testSomething" time="0.073" />

      <system-out><![CDATA[--Output from testSomething--
]]></system-out>

      <system-err><![CDATA[--Output from testSomething--
]]></system-err>

  </testsuite>
  <testsuite errors="0" failures="0" hostname="brian-kurlychek-1.wireless.usm.maine.edu" id="8" name="TenantControllerTests" package="com.happyl" tests="1" time="0.139" timestamp="2012-02-23T23:23:16">
      <properties />

      <testcase classname="com.happyl.TenantControllerTests" name="testSomething" time="0.089" />

      <system-out><![CDATA[--Output from testSomething--
]]></system-out>

      <system-err><![CDATA[--Output from testSomething--
]]></system-err>

  </testsuite>
  <testsuite errors="0" failures="0" hostname="brian-kurlychek-1.wireless.usm.maine.edu" id="9" name="TenantTests" package="com.happyl" tests="1" time="0.128" timestamp="2012-02-23T23:23:16">
      <properties />

      <testcase classname="com.happyl.TenantTests" name="testSomething" time="0.076" />

      <system-out><![CDATA[--Output from testSomething--
]]></system-out>

      <system-err><![CDATA[--Output from testSomething--
]]></system-err>

  </testsuite>
  <testsuite errors="0" failures="1" hostname="brian-kurlychek-1.wireless.usm.maine.edu" id="10" name="UnitControllerTests" package="com.happyl" tests="1" time="0.218" timestamp="2012-02-23T23:23:16">
      <properties />

      <testcase classname="com.happyl.UnitControllerTests" name="testSomething" time="0.174">
          <failure message="java.lang.AssertionError: Implement me" type="junit.framework.AssertionFailedError">junit.framework.AssertionFailedError: java.lang.AssertionError: Implement me
	at com.happyl.UnitControllerTests.testSomething(UnitControllerTests.groovy:15)
</failure>

      </testcase>

      <system-out><![CDATA[--Output from testSomething--
]]></system-out>

      <system-err><![CDATA[--Output from testSomething--
]]></system-err>

  </testsuite>
  <testsuite errors="0" failures="1" hostname="brian-kurlychek-1.wireless.usm.maine.edu" id="11" name="UnitTests" package="com.happyl" tests="1" time="0.082" timestamp="2012-02-23T23:23:16">
      <properties />

      <testcase classname="com.happyl.UnitTests" name="testSomething" time="0.077">
          <failure message="java.lang.AssertionError: Implement me" type="junit.framework.AssertionFailedError">junit.framework.AssertionFailedError: java.lang.AssertionError: Implement me
	at com.happyl.UnitTests.testSomething(UnitTests.groovy:15)
</failure>

      </testcase>

      <system-out><![CDATA[--Output from testSomething--
]]></system-out>

      <system-err><![CDATA[--Output from testSomething--
]]></system-err>

  </testsuite>
</testsuites>
