<?xml version="1.0" encoding="UTF-8" ?>
<testsuite errors="0" failures="1" hostname="brian-kurlychek-1.wireless.usm.maine.edu" name="com.happyl.UnitControllerTests" tests="1" time="0.218" timestamp="2012-02-23T23:23:16">
  <properties />
  <testcase classname="com.happyl.UnitControllerTests" name="testSomething" time="0.174">
    <failure message="java.lang.AssertionError: Implement me" type="junit.framework.AssertionFailedError">junit.framework.AssertionFailedError: java.lang.AssertionError: Implement me
	at com.happyl.UnitControllerTests.testSomething(UnitControllerTests.groovy:15)
</failure>
  </testcase>
  <system-out><![CDATA[--Output from testSomething--
]]></system-out>
  <system-err><![CDATA[--Output from testSomething--
]]></system-err>
</testsuite>
