Testsuite: com.happyl.UnitTests
Tests run: 1, Failures: 1, Errors: 0, Time elapsed: 0.082 sec
------------- Standard Output ---------------
--Output from testSomething--
------------- ---------------- ---------------
------------- Standard Error -----------------
--Output from testSomething--
------------- ---------------- ---------------

Testcase: testSomething took 0.077 sec
	FAILED
java.lang.AssertionError: Implement me
junit.framework.AssertionFailedError: java.lang.AssertionError: Implement me
	at com.happyl.UnitTests.testSomething(UnitTests.groovy:15)

