Testsuite: com.happyl.PropertyUnitTests
Tests run: 1, Failures: 1, Errors: 0, Time elapsed: 0.172 sec
------------- Standard Output ---------------
--Output from testConstraints--
------------- ---------------- ---------------
------------- Standard Error -----------------
--Output from testConstraints--
------------- ---------------- ---------------

Testcase: testConstraints took 0.168 sec
	FAILED
java.lang.AssertionError
junit.framework.AssertionFailedError: java.lang.AssertionError
	at com.happyl.PropertyUnitTests.testConstraints(PropertyUnitTests.groovy:33)

