Testsuite: com.happyl.TenantUnitTests
Tests run: 1, Failures: 1, Errors: 0, Time elapsed: 0.029 sec
------------- Standard Output ---------------
--Output from testSomething--
------------- ---------------- ---------------
------------- Standard Error -----------------
--Output from testSomething--
------------- ---------------- ---------------

Testcase: testSomething took 0.024 sec
	FAILED
java.lang.AssertionError: Implement me
junit.framework.AssertionFailedError: java.lang.AssertionError: Implement me
	at com.happyl.TenantUnitTests.testSomething(TenantUnitTests.groovy:24)

